<?xml version="1.0" encoding="UTF-8"?>
<!-- Generated by org.testng.reporters.JUnitReportReporter -->
<testsuite skipped="0" hostname="DESKTOP-INS8MJ0" name="testSuite.Login_Runner" tests="1" failures="0" timestamp="2021-07-26T16:04:05 IST" time="7.925" errors="0">
  <testcase name="runScenario" time="7.925" classname="testSuite.Login_Runner"/>
  <system-out/>
</testsuite> <!-- testSuite.Login_Runner -->
