<?xml version="1.0" encoding="UTF-8"?>
<!-- Generated by org.testng.reporters.JUnitReportReporter -->
<testsuite skipped="0" hostname="DESKTOP-INS8MJ0" name="testSuite.Logout_Runner" tests="1" failures="0" timestamp="2021-07-26T16:04:05 IST" time="25.048" errors="0">
  <testcase name="runScenario" time="25.048" classname="testSuite.Logout_Runner"/>
  <system-out/>
</testsuite> <!-- testSuite.Logout_Runner -->
