<?xml version="1.0" encoding="UTF-8"?>
<!-- Generated by org.testng.reporters.JUnitReportReporter -->
<testsuite skipped="0" hostname="DESKTOP-INS8MJ0" name="testSuite.Contacts_Runner" tests="1" failures="0" timestamp="2021-07-26T16:04:05 IST" time="806.904" errors="0">
  <testcase name="runScenario" time="806.904" classname="testSuite.Contacts_Runner"/>
  <system-out/>
</testsuite> <!-- testSuite.Contacts_Runner -->
