<?xml version="1.0" encoding="UTF-8"?>
<!-- Generated by org.testng.reporters.JUnitReportReporter -->
<testsuite skipped="0" hostname="DESKTOP-INS8MJ0" name="testSuite.Lead_Runner" tests="7" failures="0" timestamp="2021-07-26T16:04:05 IST" time="101.602" errors="0">
  <testcase name="runScenario" time="25.280" classname="testSuite.Lead_Runner"/>
  <system-out/>
  <testcase name="runScenario" time="6.445" classname="testSuite.Lead_Runner"/>
  <system-out/>
  <testcase name="runScenario" time="10.853" classname="testSuite.Lead_Runner"/>
  <system-out/>
  <testcase name="runScenario" time="13.380" classname="testSuite.Lead_Runner"/>
  <system-out/>
  <testcase name="runScenario" time="11.692" classname="testSuite.Lead_Runner"/>
  <system-out/>
  <testcase name="runScenario" time="4.359" classname="testSuite.Lead_Runner"/>
  <system-out/>
  <testcase name="runScenario" time="29.593" classname="testSuite.Lead_Runner"/>
  <system-out/>
</testsuite> <!-- testSuite.Lead_Runner -->
